2014-02-28 23:43:27	127.0.0.1	error	2014-02-28 23:43:27	127.0.0.1	[42000]	SQLSTATE[42000]: Syntax error or access violation: 1064 You have an error in your SQL syntax; check the manual that corresponds to your MySQL server version for the right syntax to use near 'toolbar=no,menubar=no,scrollbars=no,statusbar=no,height="+strHeight+",width="+st' at line 33	/home/ornythorink/htdocs/linge/lib/jelix/db/jDbPDOConnection.class.php	128
	cmdline.php
array (   'module' => 'batch',   'action' => 'zanoxcsv:run', )

	0	PDO->query()	/home/ornythorink/htdocs/linge/lib/jelix/db/jDbPDOConnection.class.php : 128
	1	jDbPDOConnection->query()	/home/ornythorink/htdocs/linge/lib/jelix/db/jDbPDOConnectionDebug.class.php : 24
	2	jDbPDOConnectionDebug->query()	/home/ornythorink/htdocs/linge/linge/modules/batch/controllers/zanoxcsv.cmdline.php : 166
	3	zanoxcsvCtrl->importCSV()	/home/ornythorink/htdocs/linge/linge/modules/batch/controllers/zanoxcsv.cmdline.php : 23
	4	zanoxcsvCtrl->run()	/home/ornythorink/htdocs/linge/lib/jelix/core/jCoordinator.class.php : 211
	5	jCoordinator->process()	/home/ornythorink/htdocs/linge/lib/jelix/core/jCmdlineCoordinator.class.php : 42
	6	jCmdlineCoordinator->process()	/home/ornythorink/htdocs/linge/linge/scripts/cmdline.php : 20


2014-03-06 21:03:18	127.0.0.1	warning	2014-03-06 21:03:18	127.0.0.1	[2]	Cannot modify header information - headers already sent by (output started at /home/ornythorink/htdocs/linge/linge/modules/linge/controllers/default.classic.php:102)	/home/ornythorink/htdocs/linge/lib/jelix/core/jResponse.class.php	157
	/linge/linge/www/index.php/linge/?q=Culotte&tag=Culotte+femme
array (   'q' => 'Culotte',   'tag' => 'Culotte femme',   'module' => 'linge',   'action' => 'default:index', )

	0	header()	/home/ornythorink/htdocs/linge/lib/jelix/core/jResponse.class.php : 157
	1	jResponse->sendHttpHeaders()	/home/ornythorink/htdocs/linge/lib/jelix/core/response/jResponseHtml.class.php : 195
	2	jResponseHtml->output()	/home/ornythorink/htdocs/linge/lib/jelix/core/jCoordinator.class.php : 220
	3	jCoordinator->process()	/home/ornythorink/htdocs/linge/linge/www/index.php : 19


2014-03-06 21:03:18	127.0.0.1	warning	2014-03-06 21:03:18	127.0.0.1	[2]	Cannot modify header information - headers already sent by (output started at /home/ornythorink/htdocs/linge/linge/modules/linge/controllers/default.classic.php:102)	/home/ornythorink/htdocs/linge/lib/jelix/core/jResponse.class.php	165
	/linge/linge/www/index.php/linge/?q=Culotte&tag=Culotte+femme
array (   'q' => 'Culotte',   'tag' => 'Culotte femme',   'module' => 'linge',   'action' => 'default:index', )

	0	header()	/home/ornythorink/htdocs/linge/lib/jelix/core/jResponse.class.php : 165
	1	jResponse->sendHttpHeaders()	/home/ornythorink/htdocs/linge/lib/jelix/core/response/jResponseHtml.class.php : 195
	2	jResponseHtml->output()	/home/ornythorink/htdocs/linge/lib/jelix/core/jCoordinator.class.php : 220
	3	jCoordinator->process()	/home/ornythorink/htdocs/linge/linge/www/index.php : 19


